2026-02-18 16:59:58 [ERROR] main: config.json  [telegram][bot_token] is not set — please fill it in.
2026-02-18 17:00:44 [INFO] main: ============================================================
2026-02-18 17:00:44 [INFO] main:   Binance Futures Volume Scanner  —  starting
2026-02-18 17:00:44 [INFO] main: ============================================================
2026-02-18 17:00:54 [ERROR] notifier: Telegram validation error: HTTPSConnectionPool(host='api.telegram.org', port=443): Max retries exceeded with url: /bot8377241131:AAHypSbbA9ZxITGgCefr-ORutOdfwseoKrY/getMe (Caused by ConnectTimeoutError(<HTTPSConnection(host='api.telegram.org', port=443) at 0x2d25c859d00>, 'Connection to api.telegram.org timed out. (connect timeout=10)'))
2026-02-18 17:00:54 [ERROR] scanner: Telegram validation failed — aborting.
2026-02-18 17:01:45 [INFO] main: ============================================================
2026-02-18 17:01:45 [INFO] main:   Binance Futures Volume Scanner  —  starting
2026-02-18 17:01:45 [INFO] main: ============================================================
2026-02-18 17:01:50 [INFO] notifier: Telegram bot validated: @BinanceCoinsVolumeScanner_Bot
2026-02-18 17:01:51 [ERROR] notifier: Telegram error: {'ok': False, 'error_code': 400, 'description': 'Bad Request: chat not found'}
2026-02-18 17:01:51 [INFO] scanner: Scanner loop started  (interval 900s, need 21 candles/symbol, cooldown 12.0h)
2026-02-18 17:01:53 [INFO] binance_client: Loaded 541 USDT perpetual symbols from exchange info
2026-02-18 17:01:54 [INFO] market_cap: Refreshing market-cap cache from CoinGecko …
2026-02-18 17:02:00 [INFO] main: Received signal 2 — shutting down …
2026-02-18 17:02:01 [INFO] main: Received signal 2 — shutting down …
2026-02-18 17:02:01 [INFO] main: Received signal 2 — shutting down …
2026-02-18 17:02:01 [INFO] main: Received signal 2 — shutting down …
2026-02-18 17:02:01 [INFO] main: Received signal 2 — shutting down …
2026-02-18 17:02:01 [INFO] main: Received signal 2 — shutting down …
2026-02-18 17:02:02 [INFO] main: Received signal 2 — shutting down …
2026-02-18 17:02:02 [INFO] main: Received signal 2 — shutting down …
2026-02-18 17:02:03 [INFO] main: Received signal 2 — shutting down …
2026-02-18 17:02:15 [WARNING] market_cap: CoinGecko 429 — waiting 60s
2026-02-18 17:02:28 [INFO] main: Received signal 2 — shutting down …
2026-02-18 17:02:29 [INFO] main: Received signal 2 — shutting down …
2026-02-18 17:02:29 [INFO] main: Received signal 2 — shutting down …
2026-02-18 17:02:29 [INFO] main: Received signal 2 — shutting down …
2026-02-18 17:02:29 [INFO] main: Received signal 2 — shutting down …
2026-02-18 17:02:29 [INFO] main: Received signal 2 — shutting down …
2026-02-18 17:02:29 [INFO] main: Received signal 2 — shutting down …
2026-02-18 17:02:29 [INFO] main: Received signal 2 — shutting down …
2026-02-18 17:02:29 [INFO] main: Received signal 2 — shutting down …
2026-02-18 17:02:29 [INFO] main: Received signal 2 — shutting down …
2026-02-18 17:02:29 [INFO] main: Received signal 2 — shutting down …
2026-02-18 17:02:29 [INFO] main: Received signal 2 — shutting down …
2026-02-18 17:02:29 [INFO] main: Received signal 2 — shutting down …
2026-02-18 17:02:29 [INFO] main: Received signal 2 — shutting down …
2026-02-18 17:02:30 [INFO] main: Received signal 2 — shutting down …
2026-02-18 17:02:30 [INFO] main: Received signal 2 — shutting down …
2026-02-18 17:02:30 [INFO] main: Received signal 2 — shutting down …
2026-02-18 17:02:30 [INFO] main: Received signal 2 — shutting down …
2026-02-18 17:02:30 [INFO] main: Received signal 2 — shutting down …
2026-02-18 17:02:30 [INFO] main: Received signal 2 — shutting down …
2026-02-18 17:02:30 [INFO] main: Received signal 2 — shutting down …
2026-02-18 17:02:30 [INFO] main: Received signal 2 — shutting down …
2026-02-18 17:02:30 [INFO] main: Received signal 2 — shutting down …
2026-02-18 17:02:30 [INFO] main: Received signal 2 — shutting down …
2026-02-18 17:02:30 [INFO] main: Received signal 2 — shutting down …
2026-02-18 17:02:30 [INFO] main: Received signal 2 — shutting down …
2026-02-18 17:02:30 [INFO] main: Received signal 2 — shutting down …
2026-02-18 17:02:42 [INFO] main: ============================================================
2026-02-18 17:02:42 [INFO] main:   Binance Futures Volume Scanner  —  starting
2026-02-18 17:02:42 [INFO] main: ============================================================
2026-02-18 17:02:44 [INFO] notifier: Telegram bot validated: @BinanceCoinsVolumeScanner_Bot
2026-02-18 17:02:44 [INFO] scanner: Scanner loop started  (interval 900s, need 21 candles/symbol, cooldown 12.0h)
2026-02-18 17:02:47 [INFO] binance_client: Loaded 541 USDT perpetual symbols from exchange info
2026-02-18 17:02:47 [INFO] market_cap: Refreshing market-cap cache from CoinGecko …
2026-02-18 17:02:48 [WARNING] market_cap: CoinGecko 429 — waiting 27s
2026-02-18 17:03:15 [WARNING] market_cap: CoinGecko 429 — waiting 0s
2026-02-18 17:03:16 [WARNING] market_cap: CoinGecko 429 — waiting 0s
2026-02-18 17:03:19 [WARNING] market_cap: CoinGecko 429 — waiting 60s
2026-02-18 17:04:19 [WARNING] market_cap: CoinGecko 429 — waiting 0s
2026-02-18 17:04:19 [WARNING] market_cap: CoinGecko 429 — waiting 0s
2026-02-18 17:04:20 [WARNING] market_cap: CoinGecko 429 — waiting 0s
2026-02-18 17:04:26 [INFO] main: Received signal 2 — shutting down …
2026-02-18 17:04:26 [INFO] main: Received signal 2 — shutting down …
2026-02-18 17:04:27 [INFO] main: Received signal 2 — shutting down …
2026-02-18 17:04:27 [INFO] main: Received signal 2 — shutting down …
2026-02-18 17:04:28 [WARNING] market_cap: CoinGecko 429 — waiting 60s
2026-02-18 17:05:28 [WARNING] market_cap: CoinGecko 429 — waiting 0s
2026-02-18 17:05:28 [WARNING] market_cap: CoinGecko 429 — waiting 0s
2026-02-18 17:05:34 [WARNING] market_cap: CoinGecko 429 — waiting 60s
2026-02-18 17:06:35 [WARNING] market_cap: CoinGecko 429 — waiting 0s
2026-02-18 17:06:44 [WARNING] market_cap: CoinGecko 429 — waiting 60s
2026-02-18 17:07:55 [WARNING] market_cap: CoinGecko 429 — waiting 60s
2026-02-18 17:09:08 [WARNING] market_cap: CoinGecko 429 — waiting 60s
2026-02-18 17:09:42 [INFO] main: ============================================================
2026-02-18 17:09:42 [INFO] main:   Binance Futures Volume Scanner  —  starting
2026-02-18 17:09:42 [INFO] main: ============================================================
2026-02-18 17:09:44 [INFO] notifier: Telegram bot validated: @BinanceCoinsVolumeScanner_Bot
2026-02-18 17:09:44 [INFO] scanner: Scanner loop started  (interval 900s, need 21 candles/symbol, cooldown 12.0h)
2026-02-18 17:09:47 [INFO] binance_client: Loaded 541 USDT perpetual symbols from exchange info
2026-02-18 17:09:47 [INFO] market_cap: Refreshing market-cap cache from CoinGecko …
2026-02-18 17:09:48 [WARNING] market_cap: CoinGecko 429 on page 1 — waiting 50s (attempt 1/3)
2026-02-18 17:10:04 [INFO] main: Received signal 2 — shutting down …
2026-02-18 17:19:07 [INFO] main: ============================================================
2026-02-18 17:19:07 [INFO] main:   Binance Futures Volume Scanner  —  starting
2026-02-18 17:19:07 [INFO] main: ============================================================
2026-02-18 17:19:18 [ERROR] notifier: Telegram validation error: HTTPSConnectionPool(host='api.telegram.org', port=443): Max retries exceeded with url: /bot8377241131:AAHypSbbA9ZxITGgCefr-ORutOdfwseoKrY/getMe (Caused by ConnectTimeoutError(<urllib3.connection.HTTPSConnection object at 0x000001AD5C9A1F70>, 'Connection to api.telegram.org timed out. (connect timeout=10)'))
2026-02-18 17:19:18 [ERROR] scanner: Telegram validation failed — aborting.
